<?xml version="1.0" encoding="utf-8"?><testsuites name="pytest tests"><testsuite name="pytest" errors="0" failures="0" skipped="0" tests="20" time="5.284" timestamp="2026-06-07T20:32:59.937896+00:00" hostname="agent-env-21856a6f-33bf-4738-a93c-3c8ade473706"><testcase classname="backend.tests.backend_test.TestAuth" name="test_me_returns_current_user" time="0.514" /><testcase classname="backend.tests.backend_test.TestAuth" name="test_login_wrong_password" time="0.339" /><testcase classname="backend.tests.backend_test.TestAuth" name="test_protected_endpoint_without_auth" time="0.099" /><testcase classname="backend.tests.backend_test.TestAuth" name="test_logout_clears_session" time="0.559" /><testcase classname="backend.tests.backend_test.TestKeys" name="test_create_list_and_use_key" time="0.101" /><testcase classname="backend.tests.backend_test.TestKeys" name="test_v1_optimize_with_key" time="0.122" /><testcase classname="backend.tests.backend_test.TestKeys" name="test_v1_optimize_missing_key" time="0.150" /><testcase classname="backend.tests.backend_test.TestKeys" name="test_v1_optimize_bad_key" time="0.105" /><testcase classname="backend.tests.backend_test.TestKeys" name="test_revoke_key" time="0.160" /><testcase classname="backend.tests.backend_test.TestJobs" name="test_upload_and_complete" time="1.124" /><testcase classname="backend.tests.backend_test.TestJobs" name="test_list_jobs" time="0.050" /><testcase classname="backend.tests.backend_test.TestJobs" name="test_fragments_paginated" time="0.105" /><testcase classname="backend.tests.backend_test.TestJobs" name="test_export" time="0.049" /><testcase classname="backend.tests.backend_test.TestJobs" name="test_empty_file_rejected" time="0.053" /><testcase classname="backend.tests.backend_test.TestAdmin" name="test_admin_stats" time="0.390" /><testcase classname="backend.tests.backend_test.TestAdmin" name="test_admin_list_users_no_objectid" time="0.069" /><testcase classname="backend.tests.backend_test.TestAdmin" name="test_non_admin_blocked" time="0.103" /><testcase classname="backend.tests.backend_test.TestAdmin" name="test_deactivate_reactivate_user" time="0.741" /><testcase classname="backend.tests.backend_test.TestAdmin" name="test_admin_cannot_modify_self" time="0.150" /><testcase classname="backend.tests.backend_test.TestAdmin" name="test_admin_delete_user" time="0.200" /></testsuite></testsuites>